0 info it worked if it ends with ok
1 verbose cli [ 'd:\\njs\\Nodist\\v-x64\\nodev5.9.1\\node.exe',
1 verbose cli   'd:\\njs\\Nodist\\bin\\node_modules\\npm\\bin\\npm-cli.js',
1 verbose cli   'run',
1 verbose cli   'lint' ]
2 info using npm@3.5.2
3 info using node@v5.9.1
4 verbose run-script [ 'prelint', 'lint', 'postlint' ]
5 info lifecycle ncmsadmin@1.0.0~prelint: ncmsadmin@1.0.0
6 silly lifecycle ncmsadmin@1.0.0~prelint: no script for prelint, continuing
7 info lifecycle ncmsadmin@1.0.0~lint: ncmsadmin@1.0.0
8 verbose lifecycle ncmsadmin@1.0.0~lint: unsafe-perm in lifecycle true
9 verbose lifecycle ncmsadmin@1.0.0~lint: PATH: d:\njs\Nodist\bin\node_modules\npm\bin\node-gyp-bin;D:\njs\ncmsadmin\node_modules\.bin;C:\Program Files (x86)\NVIDIA Corporation\PhysX\Common;C:\Program Files (x86)\Intel\iCLS Client\;C:\Program Files\Intel\iCLS Client\;C:\WINDOWS\system32;C:\WINDOWS;C:\WINDOWS\System32\Wbem;C:\WINDOWS\System32\WindowsPowerShell\v1.0\;C:\Program Files\Intel\Intel(R) Management Engine Components\DAL;C:\Program Files\Intel\Intel(R) Management Engine Components\IPT;C:\Program Files (x86)\Intel\Intel(R) Management Engine Components\DAL;C:\Program Files (x86)\Intel\Intel(R) Management Engine Components\IPT;C:\Program Files\Intel\WiFi\bin\;C:\Program Files\Common Files\Intel\WirelessCommon\;;C:\Program Files\Samsung\AllShare Framework DMS\1.3.23\64bit\;C:\WINDOWS\system32\config\systemprofile\.dnx\bin;C:\Program Files\Microsoft DNX\Dnvm\;C:\Program Files (x86)\Windows Kits\8.1\Windows Performance Toolkit\;C:\Program Files\TortoiseSVN\bin;C:\Program Files (x86)\Microsoft SQL Server\100\Tools\Binn\;C:\Program Files\Microsoft SQL Server\100\Tools\Binn\;C:\Program Files\Microsoft SQL Server\100\DTS\Binn\;C:\Python27;C:\Program Files\Java\jdk1.7.0_13\bin;C:\Program Files\Java\jdk1.7.0_13\jre\bin;C:\Program Files\Samsung\SamsungLink\AllShare Framework DMS\bin\;C:\Program Files (x86)\Microsoft Emulator Manager\1.0\;C:\Users\xb\AppData\Local\Android\Sdk;C:\Program Files\TortoiseGit\bin;C:\Program Files (x86)\Microsoft VS Code\bin;C:\Users\xb\AppData\Local\atom\bin;C:\Python27;C:\Program Files\Intel\WiFi\bin\;C:\Program Files\Common Files\Intel\WirelessCommon\;d:\njs\Nodist\bin;C:\Users\xb\AppData\Local\Programs\Git\bin;C:\Users\xb\AppData\Local\Programs\Git\cmd
10 verbose lifecycle ncmsadmin@1.0.0~lint: CWD: D:\njs\ncmsadmin
11 silly lifecycle ncmsadmin@1.0.0~lint: Args: [ '/d /s /c', 'eslint ./src/' ]
12 silly lifecycle ncmsadmin@1.0.0~lint: Returned: code: 1  signal: null
13 info lifecycle ncmsadmin@1.0.0~lint: Failed to exec lint script
14 verbose stack Error: ncmsadmin@1.0.0 lint: `eslint ./src/`
14 verbose stack Exit status 1
14 verbose stack     at EventEmitter.<anonymous> (d:\njs\Nodist\bin\node_modules\npm\lib\utils\lifecycle.js:232:16)
14 verbose stack     at emitTwo (events.js:100:13)
14 verbose stack     at EventEmitter.emit (events.js:185:7)
14 verbose stack     at ChildProcess.<anonymous> (d:\njs\Nodist\bin\node_modules\npm\lib\utils\spawn.js:24:14)
14 verbose stack     at emitTwo (events.js:100:13)
14 verbose stack     at ChildProcess.emit (events.js:185:7)
14 verbose stack     at maybeClose (internal/child_process.js:850:16)
14 verbose stack     at Process.ChildProcess._handle.onexit (internal/child_process.js:215:5)
15 verbose pkgid ncmsadmin@1.0.0
16 verbose cwd D:\njs\ncmsadmin
17 error Windows_NT 10.0.10586
18 error argv "d:\\njs\\Nodist\\v-x64\\nodev5.9.1\\node.exe" "d:\\njs\\Nodist\\bin\\node_modules\\npm\\bin\\npm-cli.js" "run" "lint"
19 error node v5.9.1
20 error npm  v3.5.2
21 error code ELIFECYCLE
22 error ncmsadmin@1.0.0 lint: `eslint ./src/`
22 error Exit status 1
23 error Failed at the ncmsadmin@1.0.0 lint script 'eslint ./src/'.
23 error Make sure you have the latest version of node.js and npm installed.
23 error If you do, this is most likely a problem with the ncmsadmin package,
23 error not with npm itself.
23 error Tell the author that this fails on your system:
23 error     eslint ./src/
23 error You can get information on how to open an issue for this project with:
23 error     npm bugs ncmsadmin
23 error Or if that isn't available, you can get their info via:
23 error     npm owner ls ncmsadmin
23 error There is likely additional logging output above.
24 verbose exit [ 1, true ]
